rcrutil.f90:2.58:

 use rcrlib, only : SP, DP, sysv, is_finite, sort, stderr, initialize
                                                          1
Error: Symbol 'initialize' referenced at (1) not found in module 'rcrlib'

rcrutil.f90:238.132:

 ":" // current_time(3:4) // " on " // current_date(5:6) // "/" // current_
                                                                           1                                                         
Error: Syntax error in argument list at (1)

rcrutil.f90:238.132:

 ":" // current_time(3:4) // " on " // current_date(5:6) // "/" // current_
                                                                           1                                                         
Warning: Line truncated at (1)

rcrutil.f90:261.132:

ents, ", n_lambda = ",n_lambda, ", external_big_number = ", external_big_nu
                                                                           1                                                         
Warning: Line truncated at (1)

rcrutil.f90:310.91:

(lambda_range(i,1) <= lambda_range(i,2),"Error in line 3 of " // infile // ": U
                                                                           1                
Error: Unterminated character constant beginning at (1)

rcrutil.f90:310.132:

Error in line 3 of " // infile // ": Upper bound on lambda is less than low
                                                                           1                                                         
Warning: Line truncated at (1)

rcrutil.f90:578.12:

      important_thetas(k) = zbrent(lambda_minus_lambda,current_theta_range(1),c
            1
Error: IMPORT statement at (1) only permitted in an INTERFACE body

rcrutil.f90:578.132:

rrent_theta_range(1),current_theta_range(2),1.0e-200_dp, (/ lambda_range(j)
                                                                           1                                                         
Warning: Line truncated at (1)

rcrutil.f90:654.132:

fied_moments)- lambdafast((/ (theta-hh) /),simplified_moments))/(2.0_dp*hh)
                                                                           1                                                         
Error: Syntax error in argument list at (1)

rcrutil.f90:654.132:

fied_moments)- lambdafast((/ (theta-hh) /),simplified_moments))/(2.0_dp*hh)
                                                                           1                                                         
Warning: Line truncated at (1)

rcrutil.f90:838.132:

c(j+1),negative_lambda_for_brent,1.0e-10_dp,simplify_moments(moment_vector)
                                                                           1                                                         
Error: Syntax error in argument list at (1)

rcrutil.f90:838.132:

c(j+1),negative_lambda_for_brent,1.0e-10_dp,simplify_moments(moment_vector)
                                                                           1                                                         
Warning: Line truncated at (1)

rcrutil.f90:1270.132:

rue_limit(1)) > 0.0_dp) .and. (tmp2(2)*sign(1.0_dp,true_limit(2)) > 0.0_dp)
                                                                           1                                                         
Error: Missing ')' in statement at or before (1)

rcrutil.f90:1270.132:

rue_limit(1)) > 0.0_dp) .and. (tmp2(2)*sign(1.0_dp,true_limit(2)) > 0.0_dp)
                                                                           1                                                         
Warning: Line truncated at (1)

rcrutil.f90:1274.7:

   else
       1
Error: Unexpected ELSE statement at (1)

rcrutil.f90:1276.6:

   end if
      1
Error: Expecting END DO statement at (1)

rcrutil.f90:261.132:

ents, ", n_lambda = ",n_lambda, ", external_big_number = ", external_big_nu
                                                                           1                                                         
Error: Symbol 'external_big_nu' at (1) has no IMPLICIT type

rcrutil.f90:835.7:

   if (localmin(j) == .TRUE.) then
       1
Error: Logicals at (1) must be compared with .eqv. instead of ==

rcrutil.f90:837.12:

   else if (localmax(j) == .TRUE.) then
            1
Error: Logicals at (1) must be compared with .eqv. instead of ==

rcr.f90:36.83:

, outfile, logfile, detail_file, moment_vector, lambda_range, result_matrix
                                                                           1        
Fatal Error: Can't open module file 'rcrutil.mod' for reading at (1): No such file or directory
